<?xml version="1.0" encoding="UTF-8"?>
<testng-results ignored="0" total="2" passed="2" failed="0" skipped="0">
  <reporter-output>
  </reporter-output>
  <suite started-at="2026-06-18T10:57:30 IST" name="Suite" finished-at="2026-06-18T10:57:30 IST" duration-ms="47">
    <groups>
      <group name="regression">
        <method signature="GitDemo2Test.git2Demo()[pri:0, instance:Demo49Test.GitDemo2Test@38c6f217]" name="git2Demo" class="Demo49Test.GitDemo2Test"/>
      </group> <!-- regression -->
      <group name="smoke">
        <method signature="GitDemoTest.gitDemo1Test()[pri:0, instance:Demo49Test.GitDemoTest@1d2adfbe]" name="gitDemo1Test" class="Demo49Test.GitDemoTest"/>
      </group> <!-- smoke -->
    </groups>
    <test started-at="2026-06-18T10:57:30 IST" name="Test" finished-at="2026-06-18T10:57:30 IST" duration-ms="47">
      <class name="Demo49Test.GitDemoTest">
        <test-method signature="gitDemo1Test()[pri:0, instance:Demo49Test.GitDemoTest@1d2adfbe]" started-at="2026-06-18T10:57:30 IST" name="gitDemo1Test" finished-at="2026-06-18T10:57:30 IST" duration-ms="1" status="PASS">
          <reporter-output>
          </reporter-output>
        </test-method> <!-- gitDemo1Test -->
      </class> <!-- Demo49Test.GitDemoTest -->
      <class name="Demo49Test.GitDemo2Test">
        <test-method signature="git2Demo()[pri:0, instance:Demo49Test.GitDemo2Test@38c6f217]" started-at="2026-06-18T10:57:30 IST" name="git2Demo" finished-at="2026-06-18T10:57:30 IST" duration-ms="8" status="PASS">
          <reporter-output>
          </reporter-output>
        </test-method> <!-- git2Demo -->
      </class> <!-- Demo49Test.GitDemo2Test -->
    </test> <!-- Test -->
  </suite> <!-- Suite -->
</testng-results>
